stdio    D         file_stdio.c:110  file_stdio_fopen                 [   0.00000] opening C:\Users\Usuario\Source\Repos\Vanessa-webusr\JogoEmpilha\Debug\allegro5.cfg r
system   D            wsystem.c:819  maybe_parent_dir                 [   0.00000] Also searching C:\Users\Usuario\Source\Repos\Vanessa-webusr\JogoEmpilha\
system   W            wsystem.c:879  _al_win_safe_load_library        [   0.00000] PathFindOnPath failed to find shcore.dll
system   D            wsystem.c:819  maybe_parent_dir                 [   0.00000] Also searching C:\Users\Usuario\Source\Repos\Vanessa-webusr\JogoEmpilha\
system   D            wsystem.c:874  _al_win_safe_load_library        [   0.00000] PathFindOnPath found: C:\Windows\system32\user32.dll
system   D            wsystem.c:780  load_library_at_path             [   0.00000] Calling LoadLibrary C:\Windows\system32\user32.dll
system   I            wsystem.c:783  load_library_at_path             [   0.00000] Loaded C:\Windows\system32\user32.dll
system   I             system.c:271  al_install_system                [   0.00000] Allegro version: 5.2.7
system   D            wsystem.c:819  maybe_parent_dir                 [   0.00657] Also searching C:\Users\Usuario\Source\Repos\Vanessa-webusr\JogoEmpilha\
system   D            wsystem.c:874  _al_win_safe_load_library        [   0.01053] PathFindOnPath found: C:\Windows\system32\d3d9.dll
system   D            wsystem.c:780  load_library_at_path             [   0.01070] Calling LoadLibrary C:\Windows\system32\d3d9.dll
system   I            wsystem.c:783  load_library_at_path             [   0.04975] Loaded C:\Windows\system32\d3d9.dll
d3d      I         d3d_disp.cpp:684  d3d_init_display                 [   0.16756] Render-to-texture: 1
d3d      I         d3d_disp.cpp:1782 d3d_create_display_locked        [   0.16982] faux_fullscreen=1
d3d      D         d3d_disp.cpp:1783 d3d_create_display_locked        [   0.17028] al_display=004F8760
d3d      D         d3d_disp.cpp:1784 d3d_create_display_locked        [   0.17077] al_display->vt=004D71B8
d3d      I d3d_display_formats.cpp:144  _al_d3d_generate_display_format_list [   0.17786] found 288 format combinations
display  D   display_settings.c:212  debug_display_settings           [   0.17827] color: 32 (rgba 8880), depth: 0, stencil: 0, acc: 0000, samples: 0/0
display  D   display_settings.c:527  _al_score_display_settings       [   0.17841] Score is : 897
display  D   display_settings.c:212  debug_display_settings           [   0.17850] color: 32 (rgba 8880), depth: 0, stencil: 0, acc: 0000, samples: 0/0
display  D   display_settings.c:527  _al_score_display_settings       [   0.17859] Score is : 897
display  D   display_settings.c:212  debug_display_settings           [   0.17872] color: 32 (rgba 8880), depth: 0, stencil: 0, acc: 0000, samples: 2/1
display  D   display_settings.c:527  _al_score_display_settings       [   0.17887] Score is : 726
display  D   display_settings.c:212  debug_display_settings           [   0.17926] color: 32 (rgba 8880), depth: 0, stencil: 0, acc: 0000, samples: 3/1
display  D   display_settings.c:527  _al_score_display_settings       [   0.17944] Score is : 721
display  D   display_settings.c:212  debug_display_settings           [   0.18052] color: 32 (rgba 8880), depth: 0, stencil: 0, acc: 0000, samples: 4/1
display  D   display_settings.c:527  _al_score_display_settings       [   0.18075] Score is : 717
display  D   display_settings.c:212  debug_display_settings           [   0.18086] color: 32 (rgba 8880), depth: 0, stencil: 0, acc: 0000, samples: 5/1
display  D   display_settings.c:527  _al_score_display_settings       [   0.18102] Score is : 715
display  D   display_settings.c:212  debug_display_settings           [   0.18297] color: 32 (rgba 8880), depth: 0, stencil: 0, acc: 0000, samples: 6/1
display  D   display_settings.c:527  _al_score_display_settings       [   0.18374] Score is : 714
display  D   display_settings.c:212  debug_display_settings           [   0.18390] color: 32 (rgba 8880), depth: 0, stencil: 0, acc: 0000, samples: 7/1
display  D   display_settings.c:527  _al_score_display_settings       [   0.18411] Score is : 713
display  D   display_settings.c:212  debug_display_settings           [   0.18421] color: 32 (rgba 8880), depth: 0, stencil: 0, acc: 0000, samples: 8/1
display  D   display_settings.c:527  _al_score_display_settings       [   0.18431] Score is : 712
display  D   display_settings.c:212  debug_display_settings           [   0.18446] color: 32 (rgba 8880), depth: 24, stencil: 8, acc: 0000, samples: 0/0
display  D   display_settings.c:527  _al_score_display_settings       [   0.18456] Score is : 897
display  D   display_settings.c:212  debug_display_settings           [   0.18463] color: 32 (rgba 8880), depth: 24, stencil: 8, acc: 0000, samples: 0/0
display  D   display_settings.c:527  _al_score_display_settings       [   0.18473] Score is : 897
display  D   display_settings.c:212  debug_display_settings           [   0.18481] color: 32 (rgba 8880), depth: 24, stencil: 8, acc: 0000, samples: 2/1
display  D   display_settings.c:527  _al_score_display_settings       [   0.18493] Score is : 726
display  D   display_settings.c:212  debug_display_settings           [   0.18509] color: 32 (rgba 8880), depth: 24, stencil: 8, acc: 0000, samples: 3/1
display  D   display_settings.c:527  _al_score_display_settings       [   0.18528] Score is : 721
display  D   display_settings.c:212  debug_display_settings           [   0.18548] color: 32 (rgba 8880), depth: 24, stencil: 8, acc: 0000, samples: 4/1
display  D   display_settings.c:527  _al_score_display_settings       [   0.18557] Score is : 717
display  D   display_settings.c:212  debug_display_settings           [   0.18564] color: 32 (rgba 8880), depth: 24, stencil: 8, acc: 0000, samples: 5/1
display  D   display_settings.c:527  _al_score_display_settings       [   0.18573] Score is : 715
display  D   display_settings.c:212  debug_display_settings           [   0.18584] color: 32 (rgba 8880), depth: 24, stencil: 8, acc: 0000, samples: 6/1
display  D   display_settings.c:527  _al_score_display_settings       [   0.18594] Score is : 714
display  D   display_settings.c:212  debug_display_settings           [   0.18602] color: 32 (rgba 8880), depth: 24, stencil: 8, acc: 0000, samples: 7/1
display  D   display_settings.c:527  _al_score_display_settings       [   0.18611] Score is : 713
display  D   display_settings.c:212  debug_display_settings           [   0.18698] color: 32 (rgba 8880), depth: 24, stencil: 8, acc: 0000, samples: 8/1
display  D   display_settings.c:527  _al_score_display_settings       [   0.18717] Score is : 712
display  D   display_settings.c:212  debug_display_settings           [   0.18725] color: 32 (rgba 8880), depth: 24, stencil: 0, acc: 0000, samples: 0/0
display  D   display_settings.c:527  _al_score_display_settings       [   0.18735] Score is : 897
display  D   display_settings.c:212  debug_display_settings           [   0.18750] color: 32 (rgba 8880), depth: 24, stencil: 0, acc: 0000, samples: 0/0
display  D   display_settings.c:527  _al_score_display_settings       [   0.18950] Score is : 897
display  D   display_settings.c:212  debug_display_settings           [   0.18999] color: 32 (rgba 8880), depth: 24, stencil: 0, acc: 0000, samples: 2/1
display  D   display_settings.c:527  _al_score_display_settings       [   0.19051] Score is : 726
display  D   display_settings.c:212  debug_display_settings           [   0.19069] color: 32 (rgba 8880), depth: 24, stencil: 0, acc: 0000, samples: 3/1
display  D   display_settings.c:527  _al_score_display_settings       [   0.19081] Score is : 721
display  D   display_settings.c:212  debug_display_settings           [   0.19089] color: 32 (rgba 8880), depth: 24, stencil: 0, acc: 0000, samples: 4/1
display  D   display_settings.c:527  _al_score_display_settings       [   0.19098] Score is : 717
display  D   display_settings.c:212  debug_display_settings           [   0.19105] color: 32 (rgba 8880), depth: 24, stencil: 0, acc: 0000, samples: 5/1
display  D   display_settings.c:527  _al_score_display_settings       [   0.19113] Score is : 715
display  D   display_settings.c:212  debug_display_settings           [   0.19120] color: 32 (rgba 8880), depth: 24, stencil: 0, acc: 0000, samples: 6/1
display  D   display_settings.c:527  _al_score_display_settings       [   0.19129] Score is : 714
display  D   display_settings.c:212  debug_display_settings           [   0.19137] color: 32 (rgba 8880), depth: 24, stencil: 0, acc: 0000, samples: 7/1
display  D   display_settings.c:527  _al_score_display_settings       [   0.19147] Score is : 713
display  D   display_settings.c:212  debug_display_settings           [   0.19202] color: 32 (rgba 8880), depth: 24, stencil: 0, acc: 0000, samples: 8/1
display  D   display_settings.c:527  _al_score_display_settings       [   0.19245] Score is : 712
display  D   display_settings.c:212  debug_display_settings           [   0.19287] color: 32 (rgba 8880), depth: 16, stencil: 0, acc: 0000, samples: 0/0
display  D   display_settings.c:527  _al_score_display_settings       [   0.19299] Score is : 897
display  D   display_settings.c:212  debug_display_settings           [   0.19308] color: 32 (rgba 8880), depth: 16, stencil: 0, acc: 0000, samples: 0/0
display  D   display_settings.c:527  _al_score_display_settings       [   0.19317] Score is : 897
display  D   display_settings.c:212  debug_display_settings           [   0.19324] color: 32 (rgba 8880), depth: 16, stencil: 0, acc: 0000, samples: 2/1
display  D   display_settings.c:527  _al_score_display_settings       [   0.19333] Score is : 726
display  D   display_settings.c:212  debug_display_settings           [   0.19341] color: 32 (rgba 8880), depth: 16, stencil: 0, acc: 0000, samples: 3/1
display  D   display_settings.c:527  _al_score_display_settings       [   0.19350] Score is : 721
display  D   display_settings.c:212  debug_display_settings           [   0.19357] color: 32 (rgba 8880), depth: 16, stencil: 0, acc: 0000, samples: 4/1
display  D   display_settings.c:527  _al_score_display_settings       [   0.19371] Score is : 717
display  D   display_settings.c:212  debug_display_settings           [   0.19379] color: 32 (rgba 8880), depth: 16, stencil: 0, acc: 0000, samples: 5/1
display  D   display_settings.c:527  _al_score_display_settings       [   0.19387] Score is : 715
display  D   display_settings.c:212  debug_display_settings           [   0.19395] color: 32 (rgba 8880), depth: 16, stencil: 0, acc: 0000, samples: 6/1
display  D   display_settings.c:527  _al_score_display_settings       [   0.19406] Score is : 714
display  D   display_settings.c:212  debug_display_settings           [   0.19414] color: 32 (rgba 8880), depth: 16, stencil: 0, acc: 0000, samples: 7/1
display  D   display_settings.c:527  _al_score_display_settings       [   0.19423] Score is : 713
display  D   display_settings.c:212  debug_display_settings           [   0.19430] color: 32 (rgba 8880), depth: 16, stencil: 0, acc: 0000, samples: 8/1
display  D   display_settings.c:527  _al_score_display_settings       [   0.19439] Score is : 712
display  D   display_settings.c:212  debug_display_settings           [   0.19448] color: 16 (rgba 5650), depth: 0, stencil: 0, acc: 0000, samples: 0/0
display  D   display_settings.c:527  _al_score_display_settings       [   0.19471] Score is : 897
display  D   display_settings.c:212  debug_display_settings           [   0.19564] color: 16 (rgba 5650), depth: 0, stencil: 0, acc: 0000, samples: 0/0
display  D   display_settings.c:527  _al_score_display_settings       [   0.19656] Score is : 897
display  D   display_settings.c:212  debug_display_settings           [   0.19693] color: 16 (rgba 5650), depth: 0, stencil: 0, acc: 0000, samples: 2/1
display  D   display_settings.c:527  _al_score_display_settings       [   0.19704] Score is : 726
display  D   display_settings.c:212  debug_display_settings           [   0.19755] color: 16 (rgba 5650), depth: 0, stencil: 0, acc: 0000, samples: 3/1
display  D   display_settings.c:527  _al_score_display_settings       [   0.19820] Score is : 721
display  D   display_settings.c:212  debug_display_settings           [   0.19831] color: 16 (rgba 5650), depth: 0, stencil: 0, acc: 0000, samples: 4/1
display  D   display_settings.c:527  _al_score_display_settings       [   0.19842] Score is : 717
display  D   display_settings.c:212  debug_display_settings           [   0.19877] color: 16 (rgba 5650), depth: 0, stencil: 0, acc: 0000, samples: 5/1
display  D   display_settings.c:527  _al_score_display_settings       [   0.19887] Score is : 715
display  D   display_settings.c:212  debug_display_settings           [   0.19896] color: 16 (rgba 5650), depth: 0, stencil: 0, acc: 0000, samples: 6/1
display  D   display_settings.c:527  _al_score_display_settings       [   0.19905] Score is : 714
display  D   display_settings.c:212  debug_display_settings           [   0.19950] color: 16 (rgba 5650), depth: 0, stencil: 0, acc: 0000, samples: 7/1
display  D   display_settings.c:527  _al_score_display_settings       [   0.19968] Score is : 713
display  D   display_settings.c:212  debug_display_settings           [   0.20010] color: 16 (rgba 5650), depth: 0, stencil: 0, acc: 0000, samples: 8/1
display  D   display_settings.c:527  _al_score_display_settings       [   0.20020] Score is : 712
display  D   display_settings.c:212  debug_display_settings           [   0.20027] color: 16 (rgba 5650), depth: 24, stencil: 8, acc: 0000, samples: 0/0
display  D   display_settings.c:527  _al_score_display_settings       [   0.20050] Score is : 897
display  D   display_settings.c:212  debug_display_settings           [   0.20058] color: 16 (rgba 5650), depth: 24, stencil: 8, acc: 0000, samples: 0/0
display  D   display_settings.c:527  _al_score_display_settings       [   0.20096] Score is : 897
display  D   display_settings.c:212  debug_display_settings           [   0.20136] color: 16 (rgba 5650), depth: 24, stencil: 8, acc: 0000, samples: 2/1
display  D   display_settings.c:527  _al_score_display_settings       [   0.20179] Score is : 726
display  D   display_settings.c:212  debug_display_settings           [   0.20203] color: 16 (rgba 5650), depth: 24, stencil: 8, acc: 0000, samples: 3/1
display  D   display_settings.c:527  _al_score_display_settings       [   0.20216] Score is : 721
display  D   display_settings.c:212  debug_display_settings           [   0.20246] color: 16 (rgba 5650), depth: 24, stencil: 8, acc: 0000, samples: 4/1
display  D   display_settings.c:527  _al_score_display_settings       [   0.20256] Score is : 717
display  D   display_settings.c:212  debug_display_settings           [   0.20264] color: 16 (rgba 5650), depth: 24, stencil: 8, acc: 0000, samples: 5/1
display  D   display_settings.c:527  _al_score_display_settings       [   0.20273] Score is : 715
display  D   display_settings.c:212  debug_display_settings           [   0.20284] color: 16 (rgba 5650), depth: 24, stencil: 8, acc: 0000, samples: 6/1
display  D   display_settings.c:527  _al_score_display_settings       [   0.20302] Score is : 714
display  D   display_settings.c:212  debug_display_settings           [   0.20311] color: 16 (rgba 5650), depth: 24, stencil: 8, acc: 0000, samples: 7/1
display  D   display_settings.c:527  _al_score_display_settings       [   0.20327] Score is : 713
display  D   display_settings.c:212  debug_display_settings           [   0.20362] color: 16 (rgba 5650), depth: 24, stencil: 8, acc: 0000, samples: 8/1
display  D   display_settings.c:527  _al_score_display_settings       [   0.20426] Score is : 712
display  D   display_settings.c:212  debug_display_settings           [   0.20631] color: 16 (rgba 5650), depth: 24, stencil: 0, acc: 0000, samples: 0/0
display  D   display_settings.c:527  _al_score_display_settings       [   0.20653] Score is : 897
display  D   display_settings.c:212  debug_display_settings           [   0.20667] color: 16 (rgba 5650), depth: 24, stencil: 0, acc: 0000, samples: 0/0
display  D   display_settings.c:527  _al_score_display_settings       [   0.20681] Score is : 897
display  D   display_settings.c:212  debug_display_settings           [   0.20710] color: 16 (rgba 5650), depth: 24, stencil: 0, acc: 0000, samples: 2/1
display  D   display_settings.c:527  _al_score_display_settings       [   0.20729] Score is : 726
display  D   display_settings.c:212  debug_display_settings           [   0.20739] color: 16 (rgba 5650), depth: 24, stencil: 0, acc: 0000, samples: 3/1
display  D   display_settings.c:527  _al_score_display_settings       [   0.20749] Score is : 721
display  D   display_settings.c:212  debug_display_settings           [   0.20757] color: 16 (rgba 5650), depth: 24, stencil: 0, acc: 0000, samples: 4/1
display  D   display_settings.c:527  _al_score_display_settings       [   0.20770] Score is : 717
display  D   display_settings.c:212  debug_display_settings           [   0.20779] color: 16 (rgba 5650), depth: 24, stencil: 0, acc: 0000, samples: 5/1
display  D   display_settings.c:527  _al_score_display_settings       [   0.20788] Score is : 715
display  D   display_settings.c:212  debug_display_settings           [   0.20796] color: 16 (rgba 5650), depth: 24, stencil: 0, acc: 0000, samples: 6/1
display  D   display_settings.c:527  _al_score_display_settings       [   0.20806] Score is : 714
display  D   display_settings.c:212  debug_display_settings           [   0.20813] color: 16 (rgba 5650), depth: 24, stencil: 0, acc: 0000, samples: 7/1
display  D   display_settings.c:527  _al_score_display_settings       [   0.20822] Score is : 713
display  D   display_settings.c:212  debug_display_settings           [   0.20830] color: 16 (rgba 5650), depth: 24, stencil: 0, acc: 0000, samples: 8/1
display  D   display_settings.c:527  _al_score_display_settings       [   0.20838] Score is : 712
display  D   display_settings.c:212  debug_display_settings           [   0.20877] color: 16 (rgba 5650), depth: 16, stencil: 0, acc: 0000, samples: 0/0
display  D   display_settings.c:527  _al_score_display_settings       [   0.20988] Score is : 897
display  D   display_settings.c:212  debug_display_settings           [   0.21021] color: 16 (rgba 5650), depth: 16, stencil: 0, acc: 0000, samples: 0/0
display  D   display_settings.c:527  _al_score_display_settings       [   0.21135] Score is : 897
display  D   display_settings.c:212  debug_display_settings           [   0.21152] color: 16 (rgba 5650), depth: 16, stencil: 0, acc: 0000, samples: 2/1
display  D   display_settings.c:527  _al_score_display_settings       [   0.21163] Score is : 726
display  D   display_settings.c:212  debug_display_settings           [   0.21171] color: 16 (rgba 5650), depth: 16, stencil: 0, acc: 0000, samples: 3/1
display  D   display_settings.c:527  _al_score_display_settings       [   0.21180] Score is : 721
display  D   display_settings.c:212  debug_display_settings           [   0.21200] color: 16 (rgba 5650), depth: 16, stencil: 0, acc: 0000, samples: 4/1
display  D   display_settings.c:527  _al_score_display_settings       [   0.21211] Score is : 717
display  D   display_settings.c:212  debug_display_settings           [   0.21283] color: 16 (rgba 5650), depth: 16, stencil: 0, acc: 0000, samples: 5/1
display  D   display_settings.c:527  _al_score_display_settings       [   0.21298] Score is : 715
display  D   display_settings.c:212  debug_display_settings           [   0.21307] color: 16 (rgba 5650), depth: 16, stencil: 0, acc: 0000, samples: 6/1
display  D   display_settings.c:527  _al_score_display_settings       [   0.21316] Score is : 714
display  D   display_settings.c:212  debug_display_settings           [   0.21331] color: 16 (rgba 5650), depth: 16, stencil: 0, acc: 0000, samples: 7/1
display  D   display_settings.c:527  _al_score_display_settings       [   0.21341] Score is : 713
display  D   display_settings.c:212  debug_display_settings           [   0.21401] color: 16 (rgba 5650), depth: 16, stencil: 0, acc: 0000, samples: 8/1
display  D   display_settings.c:527  _al_score_display_settings       [   0.21424] Score is : 712
display  D   display_settings.c:212  debug_display_settings           [   0.21434] color: 32 (rgba 8880), depth: 0, stencil: 0, acc: 0000, samples: 0/0
display  D   display_settings.c:398  _al_score_display_settings       [   0.21445] Single Buffer requirement not met.
display  D   display_settings.c:212  debug_display_settings           [   0.21454] color: 32 (rgba 8880), depth: 0, stencil: 0, acc: 0000, samples: 0/0
display  D   display_settings.c:398  _al_score_display_settings       [   0.21463] Single Buffer requirement not met.
display  D   display_settings.c:212  debug_display_settings           [   0.21471] color: 32 (rgba 8880), depth: 0, stencil: 0, acc: 0000, samples: 2/1
display  D   display_settings.c:398  _al_score_display_settings       [   0.21480] Single Buffer requirement not met.
display  D   display_settings.c:212  debug_display_settings           [   0.21488] color: 32 (rgba 8880), depth: 0, stencil: 0, acc: 0000, samples: 3/1
display  D   display_settings.c:398  _al_score_display_settings       [   0.21496] Single Buffer requirement not met.
display  D   display_settings.c:212  debug_display_settings           [   0.21508] color: 32 (rgba 8880), depth: 0, stencil: 0, acc: 0000, samples: 4/1
display  D   display_settings.c:398  _al_score_display_settings       [   0.21523] Single Buffer requirement not met.
display  D   display_settings.c:212  debug_display_settings           [   0.21532] color: 32 (rgba 8880), depth: 0, stencil: 0, acc: 0000, samples: 5/1
display  D   display_settings.c:398  _al_score_display_settings       [   0.21543] Single Buffer requirement not met.
display  D   display_settings.c:212  debug_display_settings           [   0.21552] color: 32 (rgba 8880), depth: 0, stencil: 0, acc: 0000, samples: 6/1
display  D   display_settings.c:398  _al_score_display_settings       [   0.21563] Single Buffer requirement not met.
display  D   display_settings.c:212  debug_display_settings           [   0.21573] color: 32 (rgba 8880), depth: 0, stencil: 0, acc: 0000, samples: 7/1
display  D   display_settings.c:398  _al_score_display_settings       [   0.21583] Single Buffer requirement not met.
display  D   display_settings.c:212  debug_display_settings           [   0.21593] color: 32 (rgba 8880), depth: 0, stencil: 0, acc: 0000, samples: 8/1
display  D   display_settings.c:398  _al_score_display_settings       [   0.21608] Single Buffer requirement not met.
display  D   display_settings.c:212  debug_display_settings           [   0.21637] color: 32 (rgba 8880), depth: 24, stencil: 8, acc: 0000, samples: 0/0
display  D   display_settings.c:398  _al_score_display_settings       [   0.21658] Single Buffer requirement not met.
display  D   display_settings.c:212  debug_display_settings           [   0.21667] color: 32 (rgba 8880), depth: 24, stencil: 8, acc: 0000, samples: 0/0
display  D   display_settings.c:398  _al_score_display_settings       [   0.21731] Single Buffer requirement not met.
display  D   display_settings.c:212  debug_display_settings           [   0.21744] color: 32 (rgba 8880), depth: 24, stencil: 8, acc: 0000, samples: 2/1
display  D   display_settings.c:398  _al_score_display_settings       [   0.21754] Single Buffer requirement not met.
display  D   display_settings.c:212  debug_display_settings           [   0.21763] color: 32 (rgba 8880), depth: 24, stencil: 8, acc: 0000, samples: 3/1
display  D   display_settings.c:398  _al_score_display_settings       [   0.21775] Single Buffer requirement not met.
display  D   display_settings.c:212  debug_display_settings           [   0.21784] color: 32 (rgba 8880), depth: 24, stencil: 8, acc: 0000, samples: 4/1
display  D   display_settings.c:398  _al_score_display_settings       [   0.21793] Single Buffer requirement not met.
display  D   display_settings.c:212  debug_display_settings           [   0.21801] color: 32 (rgba 8880), depth: 24, stencil: 8, acc: 0000, samples: 5/1
display  D   display_settings.c:398  _al_score_display_settings       [   0.21810] Single Buffer requirement not met.
display  D   display_settings.c:212  debug_display_settings           [   0.21818] color: 32 (rgba 8880), depth: 24, stencil: 8, acc: 0000, samples: 6/1
display  D   display_settings.c:398  _al_score_display_settings       [   0.21827] Single Buffer requirement not met.
display  D   display_settings.c:212  debug_display_settings           [   0.21836] color: 32 (rgba 8880), depth: 24, stencil: 8, acc: 0000, samples: 7/1
display  D   display_settings.c:398  _al_score_display_settings       [   0.21844] Single Buffer requirement not met.
display  D   display_settings.c:212  debug_display_settings           [   0.21852] color: 32 (rgba 8880), depth: 24, stencil: 8, acc: 0000, samples: 8/1
display  D   display_settings.c:398  _al_score_display_settings       [   0.21861] Single Buffer requirement not met.
display  D   display_settings.c:212  debug_display_settings           [   0.21869] color: 32 (rgba 8880), depth: 24, stencil: 0, acc: 0000, samples: 0/0
display  D   display_settings.c:398  _al_score_display_settings       [   0.21877] Single Buffer requirement not met.
display  D   display_settings.c:212  debug_display_settings           [   0.21885] color: 32 (rgba 8880), depth: 24, stencil: 0, acc: 0000, samples: 0/0
display  D   display_settings.c:398  _al_score_display_settings       [   0.21894] Single Buffer requirement not met.
display  D   display_settings.c:212  debug_display_settings           [   0.21902] color: 32 (rgba 8880), depth: 24, stencil: 0, acc: 0000, samples: 2/1
display  D   display_settings.c:398  _al_score_display_settings       [   0.21910] Single Buffer requirement not met.
display  D   display_settings.c:212  debug_display_settings           [   0.21951] color: 32 (rgba 8880), depth: 24, stencil: 0, acc: 0000, samples: 3/1
display  D   display_settings.c:398  _al_score_display_settings       [   0.22010] Single Buffer requirement not met.
display  D   display_settings.c:212  debug_display_settings           [   0.22019] color: 32 (rgba 8880), depth: 24, stencil: 0, acc: 0000, samples: 4/1
display  D   display_settings.c:398  _al_score_display_settings       [   0.22028] Single Buffer requirement not met.
display  D   display_settings.c:212  debug_display_settings           [   0.22036] color: 32 (rgba 8880), depth: 24, stencil: 0, acc: 0000, samples: 5/1
display  D   display_settings.c:398  _al_score_display_settings       [   0.22045] Single Buffer requirement not met.
display  D   display_settings.c:212  debug_display_settings           [   0.22053] color: 32 (rgba 8880), depth: 24, stencil: 0, acc: 0000, samples: 6/1
display  D   display_settings.c:398  _al_score_display_settings       [   0.22206] Single Buffer requirement not met.
display  D   display_settings.c:212  debug_display_settings           [   0.22222] color: 32 (rgba 8880), depth: 24, stencil: 0, acc: 0000, samples: 7/1
display  D   display_settings.c:398  _al_score_display_settings       [   0.22231] Single Buffer requirement not met.
display  D   display_settings.c:212  debug_display_settings           [   0.22400] color: 32 (rgba 8880), depth: 24, stencil: 0, acc: 0000, samples: 8/1
display  D   display_settings.c:398  _al_score_display_settings       [   0.22522] Single Buffer requirement not met.
display  D   display_settings.c:212  debug_display_settings           [   0.22533] color: 32 (rgba 8880), depth: 16, stencil: 0, acc: 0000, samples: 0/0
display  D   display_settings.c:398  _al_score_display_settings       [   0.22594] Single Buffer requirement not met.
display  D   display_settings.c:212  debug_display_settings           [   0.22674] color: 32 (rgba 8880), depth: 16, stencil: 0, acc: 0000, samples: 0/0
display  D   display_settings.c:398  _al_score_display_settings       [   0.22746] Single Buffer requirement not met.
display  D   display_settings.c:212  debug_display_settings           [   0.22787] color: 32 (rgba 8880), depth: 16, stencil: 0, acc: 0000, samples: 2/1
display  D   display_settings.c:398  _al_score_display_settings       [   0.22809] Single Buffer requirement not met.
display  D   display_settings.c:212  debug_display_settings           [   0.22837] color: 32 (rgba 8880), depth: 16, stencil: 0, acc: 0000, samples: 3/1
display  D   display_settings.c:398  _al_score_display_settings       [   0.22848] Single Buffer requirement not met.
display  D   display_settings.c:212  debug_display_settings           [   0.22857] color: 32 (rgba 8880), depth: 16, stencil: 0, acc: 0000, samples: 4/1
display  D   display_settings.c:398  _al_score_display_settings       [   0.22866] Single Buffer requirement not met.
display  D   display_settings.c:212  debug_display_settings           [   0.22877] color: 32 (rgba 8880), depth: 16, stencil: 0, acc: 0000, samples: 5/1
display  D   display_settings.c:398  _al_score_display_settings       [   0.22917] Single Buffer requirement not met.
display  D   display_settings.c:212  debug_display_settings           [   0.22997] color: 32 (rgba 8880), depth: 16, stencil: 0, acc: 0000, samples: 6/1
display  D   display_settings.c:398  _al_score_display_settings       [   0.23009] Single Buffer requirement not met.
display  D   display_settings.c:212  debug_display_settings           [   0.23018] color: 32 (rgba 8880), depth: 16, stencil: 0, acc: 0000, samples: 7/1
display  D   display_settings.c:398  _al_score_display_settings       [   0.23027] Single Buffer requirement not met.
display  D   display_settings.c:212  debug_display_settings           [   0.23035] color: 32 (rgba 8880), depth: 16, stencil: 0, acc: 0000, samples: 8/1
display  D   display_settings.c:398  _al_score_display_settings       [   0.23044] Single Buffer requirement not met.
display  D   display_settings.c:212  debug_display_settings           [   0.23052] color: 16 (rgba 5650), depth: 0, stencil: 0, acc: 0000, samples: 0/0
display  D   display_settings.c:398  _al_score_display_settings       [   0.23061] Single Buffer requirement not met.
display  D   display_settings.c:212  debug_display_settings           [   0.23068] color: 16 (rgba 5650), depth: 0, stencil: 0, acc: 0000, samples: 0/0
display  D   display_settings.c:398  _al_score_display_settings       [   0.23077] Single Buffer requirement not met.
display  D   display_settings.c:212  debug_display_settings           [   0.23085] color: 16 (rgba 5650), depth: 0, stencil: 0, acc: 0000, samples: 2/1
display  D   display_settings.c:398  _al_score_display_settings       [   0.23096] Single Buffer requirement not met.
display  D   display_settings.c:212  debug_display_settings           [   0.23103] color: 16 (rgba 5650), depth: 0, stencil: 0, acc: 0000, samples: 3/1
display  D   display_settings.c:398  _al_score_display_settings       [   0.23112] Single Buffer requirement not met.
display  D   display_settings.c:212  debug_display_settings           [   0.23120] color: 16 (rgba 5650), depth: 0, stencil: 0, acc: 0000, samples: 4/1
display  D   display_settings.c:398  _al_score_display_settings       [   0.23129] Single Buffer requirement not met.
display  D   display_settings.c:212  debug_display_settings           [   0.23136] color: 16 (rgba 5650), depth: 0, stencil: 0, acc: 0000, samples: 5/1
display  D   display_settings.c:398  _al_score_display_settings       [   0.23144] Single Buffer requirement not met.
display  D   display_settings.c:212  debug_display_settings           [   0.23169] color: 16 (rgba 5650), depth: 0, stencil: 0, acc: 0000, samples: 6/1
display  D   display_settings.c:398  _al_score_display_settings       [   0.23178] Single Buffer requirement not met.
display  D   display_settings.c:212  debug_display_settings           [   0.23207] color: 16 (rgba 5650), depth: 0, stencil: 0, acc: 0000, samples: 7/1
display  D   display_settings.c:398  _al_score_display_settings       [   0.23249] Single Buffer requirement not met.
display  D   display_settings.c:212  debug_display_settings           [   0.23279] color: 16 (rgba 5650), depth: 0, stencil: 0, acc: 0000, samples: 8/1
display  D   display_settings.c:398  _al_score_display_settings       [   0.23289] Single Buffer requirement not met.
display  D   display_settings.c:212  debug_display_settings           [   0.23297] color: 16 (rgba 5650), depth: 24, stencil: 8, acc: 0000, samples: 0/0
display  D   display_settings.c:398  _al_score_display_settings       [   0.23435] Single Buffer requirement not met.
display  D   display_settings.c:212  debug_display_settings           [   0.23471] color: 16 (rgba 5650), depth: 24, stencil: 8, acc: 0000, samples: 0/0
display  D   display_settings.c:398  _al_score_display_settings       [   0.23491] Single Buffer requirement not met.
display  D   display_settings.c:212  debug_display_settings           [   0.23501] color: 16 (rgba 5650), depth: 24, stencil: 8, acc: 0000, samples: 2/1
display  D   display_settings.c:398  _al_score_display_settings       [   0.23511] Single Buffer requirement not met.
display  D   display_settings.c:212  debug_display_settings           [   0.23520] color: 16 (rgba 5650), depth: 24, stencil: 8, acc: 0000, samples: 3/1
display  D   display_settings.c:398  _al_score_display_settings       [   0.23529] Single Buffer requirement not met.
display  D   display_settings.c:212  debug_display_settings           [   0.23538] color: 16 (rgba 5650), depth: 24, stencil: 8, acc: 0000, samples: 4/1
display  D   display_settings.c:398  _al_score_display_settings       [   0.23546] Single Buffer requirement not met.
display  D   display_settings.c:212  debug_display_settings           [   0.23554] color: 16 (rgba 5650), depth: 24, stencil: 8, acc: 0000, samples: 5/1
display  D   display_settings.c:398  _al_score_display_settings       [   0.23563] Single Buffer requirement not met.
display  D   display_settings.c:212  debug_display_settings           [   0.23571] color: 16 (rgba 5650), depth: 24, stencil: 8, acc: 0000, samples: 6/1
display  D   display_settings.c:398  _al_score_display_settings       [   0.23579] Single Buffer requirement not met.
display  D   display_settings.c:212  debug_display_settings           [   0.23600] color: 16 (rgba 5650), depth: 24, stencil: 8, acc: 0000, samples: 7/1
display  D   display_settings.c:398  _al_score_display_settings       [   0.23609] Single Buffer requirement not met.
display  D   display_settings.c:212  debug_display_settings           [   0.23617] color: 16 (rgba 5650), depth: 24, stencil: 8, acc: 0000, samples: 8/1
display  D   display_settings.c:398  _al_score_display_settings       [   0.23626] Single Buffer requirement not met.
display  D   display_settings.c:212  debug_display_settings           [   0.23634] color: 16 (rgba 5650), depth: 24, stencil: 0, acc: 0000, samples: 0/0
display  D   display_settings.c:398  _al_score_display_settings       [   0.23645] Single Buffer requirement not met.
display  D   display_settings.c:212  debug_display_settings           [   0.23654] color: 16 (rgba 5650), depth: 24, stencil: 0, acc: 0000, samples: 0/0
display  D   display_settings.c:398  _al_score_display_settings       [   0.23662] Single Buffer requirement not met.
display  D   display_settings.c:212  debug_display_settings           [   0.23680] color: 16 (rgba 5650), depth: 24, stencil: 0, acc: 0000, samples: 2/1
display  D   display_settings.c:398  _al_score_display_settings       [   0.23691] Single Buffer requirement not met.
display  D   display_settings.c:212  debug_display_settings           [   0.23699] color: 16 (rgba 5650), depth: 24, stencil: 0, acc: 0000, samples: 3/1
display  D   display_settings.c:398  _al_score_display_settings       [   0.23709] Single Buffer requirement not met.
display  D   display_settings.c:212  debug_display_settings           [   0.23725] color: 16 (rgba 5650), depth: 24, stencil: 0, acc: 0000, samples: 4/1
display  D   display_settings.c:398  _al_score_display_settings       [   0.23734] Single Buffer requirement not met.
display  D   display_settings.c:212  debug_display_settings           [   0.23742] color: 16 (rgba 5650), depth: 24, stencil: 0, acc: 0000, samples: 5/1
display  D   display_settings.c:398  _al_score_display_settings       [   0.23751] Single Buffer requirement not met.
display  D   display_settings.c:212  debug_display_settings           [   0.23786] color: 16 (rgba 5650), depth: 24, stencil: 0, acc: 0000, samples: 6/1
display  D   display_settings.c:398  _al_score_display_settings       [   0.23891] Single Buffer requirement not met.
display  D   display_settings.c:212  debug_display_settings           [   0.23908] color: 16 (rgba 5650), depth: 24, stencil: 0, acc: 0000, samples: 7/1
display  D   display_settings.c:398  _al_score_display_settings       [   0.23918] Single Buffer requirement not met.
display  D   display_settings.c:212  debug_display_settings           [   0.23937] color: 16 (rgba 5650), depth: 24, stencil: 0, acc: 0000, samples: 8/1
display  D   display_settings.c:398  _al_score_display_settings       [   0.23946] Single Buffer requirement not met.
display  D   display_settings.c:212  debug_display_settings           [   0.23974] color: 16 (rgba 5650), depth: 16, stencil: 0, acc: 0000, samples: 0/0
display  D   display_settings.c:398  _al_score_display_settings       [   0.23986] Single Buffer requirement not met.
display  D   display_settings.c:212  debug_display_settings           [   0.23998] color: 16 (rgba 5650), depth: 16, stencil: 0, acc: 0000, samples: 0/0
display  D   display_settings.c:398  _al_score_display_settings       [   0.24013] Single Buffer requirement not met.
display  D   display_settings.c:212  debug_display_settings           [   0.24021] color: 16 (rgba 5650), depth: 16, stencil: 0, acc: 0000, samples: 2/1
display  D   display_settings.c:398  _al_score_display_settings       [   0.24030] Single Buffer requirement not met.
display  D   display_settings.c:212  debug_display_settings           [   0.24038] color: 16 (rgba 5650), depth: 16, stencil: 0, acc: 0000, samples: 3/1
display  D   display_settings.c:398  _al_score_display_settings       [   0.24046] Single Buffer requirement not met.
display  D   display_settings.c:212  debug_display_settings           [   0.24054] color: 16 (rgba 5650), depth: 16, stencil: 0, acc: 0000, samples: 4/1
display  D   display_settings.c:398  _al_score_display_settings       [   0.24063] Single Buffer requirement not met.
display  D   display_settings.c:212  debug_display_settings           [   0.24070] color: 16 (rgba 5650), depth: 16, stencil: 0, acc: 0000, samples: 5/1
display  D   display_settings.c:398  _al_score_display_settings       [   0.24083] Single Buffer requirement not met.
display  D   display_settings.c:212  debug_display_settings           [   0.24090] color: 16 (rgba 5650), depth: 16, stencil: 0, acc: 0000, samples: 6/1
display  D   display_settings.c:398  _al_score_display_settings       [   0.24099] Single Buffer requirement not met.
display  D   display_settings.c:212  debug_display_settings           [   0.24106] color: 16 (rgba 5650), depth: 16, stencil: 0, acc: 0000, samples: 7/1
display  D   display_settings.c:398  _al_score_display_settings       [   0.24115] Single Buffer requirement not met.
display  D   display_settings.c:212  debug_display_settings           [   0.24122] color: 16 (rgba 5650), depth: 16, stencil: 0, acc: 0000, samples: 8/1
display  D   display_settings.c:398  _al_score_display_settings       [   0.24192] Single Buffer requirement not met.
display  D   display_settings.c:212  debug_display_settings           [   0.24213] color: 32 (rgba 8880), depth: 0, stencil: 0, acc: 0000, samples: 0/0
display  D   display_settings.c:527  _al_score_display_settings       [   0.24226] Score is : 769
display  D   display_settings.c:212  debug_display_settings           [   0.24235] color: 32 (rgba 8880), depth: 0, stencil: 0, acc: 0000, samples: 0/0
display  D   display_settings.c:527  _al_score_display_settings       [   0.24260] Score is : 769
display  D   display_settings.c:212  debug_display_settings           [   0.24267] color: 32 (rgba 8880), depth: 0, stencil: 0, acc: 0000, samples: 2/1
display  D   display_settings.c:527  _al_score_display_settings       [   0.24275] Score is : 598
display  D   display_settings.c:212  debug_display_settings           [   0.24283] color: 32 (rgba 8880), depth: 0, stencil: 0, acc: 0000, samples: 3/1
display  D   display_settings.c:527  _al_score_display_settings       [   0.24290] Score is : 593
display  D   display_settings.c:212  debug_display_settings           [   0.24304] color: 32 (rgba 8880), depth: 0, stencil: 0, acc: 0000, samples: 4/1
display  D   display_settings.c:527  _al_score_display_settings       [   0.24312] Score is : 589
display  D   display_settings.c:212  debug_display_settings           [   0.24319] color: 32 (rgba 8880), depth: 0, stencil: 0, acc: 0000, samples: 5/1
display  D   display_settings.c:527  _al_score_display_settings       [   0.24327] Score is : 587
display  D   display_settings.c:212  debug_display_settings           [   0.24333] color: 32 (rgba 8880), depth: 0, stencil: 0, acc: 0000, samples: 6/1
display  D   display_settings.c:527  _al_score_display_settings       [   0.24354] Score is : 586
display  D   display_settings.c:212  debug_display_settings           [   0.24363] color: 32 (rgba 8880), depth: 0, stencil: 0, acc: 0000, samples: 7/1
display  D   display_settings.c:527  _al_score_display_settings       [   0.24373] Score is : 585
display  D   display_settings.c:212  debug_display_settings           [   0.24389] color: 32 (rgba 8880), depth: 0, stencil: 0, acc: 0000, samples: 8/1
display  D   display_settings.c:527  _al_score_display_settings       [   0.24417] Score is : 584
display  D   display_settings.c:212  debug_display_settings           [   0.24424] color: 32 (rgba 8880), depth: 24, stencil: 8, acc: 0000, samples: 0/0
display  D   display_settings.c:527  _al_score_display_settings       [   0.24438] Score is : 769
display  D   display_settings.c:212  debug_display_settings           [   0.24455] color: 32 (rgba 8880), depth: 24, stencil: 8, acc: 0000, samples: 0/0
display  D   display_settings.c:527  _al_score_display_settings       [   0.24467] Score is : 769
display  D   display_settings.c:212  debug_display_settings           [   0.24475] color: 32 (rgba 8880), depth: 24, stencil: 8, acc: 0000, samples: 2/1
display  D   display_settings.c:527  _al_score_display_settings       [   0.24498] Score is : 598
display  D   display_settings.c:212  debug_display_settings           [   0.24506] color: 32 (rgba 8880), depth: 24, stencil: 8, acc: 0000, samples: 3/1
display  D   display_settings.c:527  _al_score_display_settings       [   0.24515] Score is : 593
display  D   display_settings.c:212  debug_display_settings           [   0.24523] color: 32 (rgba 8880), depth: 24, stencil: 8, acc: 0000, samples: 4/1
display  D   display_settings.c:527  _al_score_display_settings       [   0.24531] Score is : 589
display  D   display_settings.c:212  debug_display_settings           [   0.24546] color: 32 (rgba 8880), depth: 24, stencil: 8, acc: 0000, samples: 5/1
display  D   display_settings.c:527  _al_score_display_settings       [   0.24555] Score is : 587
display  D   display_settings.c:212  debug_display_settings           [   0.24562] color: 32 (rgba 8880), depth: 24, stencil: 8, acc: 0000, samples: 6/1
display  D   display_settings.c:527  _al_score_display_settings       [   0.24571] Score is : 586
display  D   display_settings.c:212  debug_display_settings           [   0.24579] color: 32 (rgba 8880), depth: 24, stencil: 8, acc: 0000, samples: 7/1
display  D   display_settings.c:527  _al_score_display_settings       [   0.24597] Score is : 585
display  D   display_settings.c:212  debug_display_settings           [   0.24604] color: 32 (rgba 8880), depth: 24, stencil: 8, acc: 0000, samples: 8/1
display  D   display_settings.c:527  _al_score_display_settings       [   0.24613] Score is : 584
display  D   display_settings.c:212  debug_display_settings           [   0.24620] color: 32 (rgba 8880), depth: 24, stencil: 0, acc: 0000, samples: 0/0
display  D   display_settings.c:527  _al_score_display_settings       [   0.24629] Score is : 769
display  D   display_settings.c:212  debug_display_settings           [   0.24636] color: 32 (rgba 8880), depth: 24, stencil: 0, acc: 0000, samples: 0/0
display  D   display_settings.c:527  _al_score_display_settings       [   0.24645] Score is : 769
display  D   display_settings.c:212  debug_display_settings           [   0.24657] color: 32 (rgba 8880), depth: 24, stencil: 0, acc: 0000, samples: 2/1
display  D   display_settings.c:527  _al_score_display_settings       [   0.24666] Score is : 598
display  D   display_settings.c:212  debug_display_settings           [   0.24673] color: 32 (rgba 8880), depth: 24, stencil: 0, acc: 0000, samples: 3/1
display  D   display_settings.c:527  _al_score_display_settings       [   0.24682] Score is : 593
display  D   display_settings.c:212  debug_display_settings           [   0.24690] color: 32 (rgba 8880), depth: 24, stencil: 0, acc: 0000, samples: 4/1
display  D   display_settings.c:527  _al_score_display_settings       [   0.24698] Score is : 589
display  D   display_settings.c:212  debug_display_settings           [   0.24705] color: 32 (rgba 8880), depth: 24, stencil: 0, acc: 0000, samples: 5/1
display  D   display_settings.c:527  _al_score_display_settings       [   0.24714] Score is : 587
display  D   display_settings.c:212  debug_display_settings           [   0.24721] color: 32 (rgba 8880), depth: 24, stencil: 0, acc: 0000, samples: 6/1
display  D   display_settings.c:527  _al_score_display_settings       [   0.24730] Score is : 586
display  D   display_settings.c:212  debug_display_settings           [   0.24737] color: 32 (rgba 8880), depth: 24, stencil: 0, acc: 0000, samples: 7/1
display  D   display_settings.c:527  _al_score_display_settings       [   0.24746] Score is : 585
display  D   display_settings.c:212  debug_display_settings           [   0.24753] color: 32 (rgba 8880), depth: 24, stencil: 0, acc: 0000, samples: 8/1
display  D   display_settings.c:527  _al_score_display_settings       [   0.24762] Score is : 584
display  D   display_settings.c:212  debug_display_settings           [   0.24769] color: 32 (rgba 8880), depth: 16, stencil: 0, acc: 0000, samples: 0/0
display  D   display_settings.c:527  _al_score_display_settings       [   0.24778] Score is : 769
display  D   display_settings.c:212  debug_display_settings           [   0.24791] color: 32 (rgba 8880), depth: 16, stencil: 0, acc: 0000, samples: 0/0
display  D   display_settings.c:527  _al_score_display_settings       [   0.24865] Score is : 769
display  D   display_settings.c:212  debug_display_settings           [   0.24959] color: 32 (rgba 8880), depth: 16, stencil: 0, acc: 0000, samples: 2/1
display  D   display_settings.c:527  _al_score_display_settings       [   0.24992] Score is : 598
display  D   display_settings.c:212  debug_display_settings           [   0.25003] color: 32 (rgba 8880), depth: 16, stencil: 0, acc: 0000, samples: 3/1
display  D   display_settings.c:527  _al_score_display_settings       [   0.25013] Score is : 593
display  D   display_settings.c:212  debug_display_settings           [   0.25021] color: 32 (rgba 8880), depth: 16, stencil: 0, acc: 0000, samples: 4/1
display  D   display_settings.c:527  _al_score_display_settings       [   0.25030] Score is : 589
display  D   display_settings.c:212  debug_display_settings           [   0.25038] color: 32 (rgba 8880), depth: 16, stencil: 0, acc: 0000, samples: 5/1
display  D   display_settings.c:527  _al_score_display_settings       [   0.25049] Score is : 587
display  D   display_settings.c:212  debug_display_settings           [   0.25057] color: 32 (rgba 8880), depth: 16, stencil: 0, acc: 0000, samples: 6/1
display  D   display_settings.c:527  _al_score_display_settings       [   0.25065] Score is : 586
display  D   display_settings.c:212  debug_display_settings           [   0.25073] color: 32 (rgba 8880), depth: 16, stencil: 0, acc: 0000, samples: 7/1
display  D   display_settings.c:527  _al_score_display_settings       [   0.25082] Score is : 585
display  D   display_settings.c:212  debug_display_settings           [   0.25091] color: 32 (rgba 8880), depth: 16, stencil: 0, acc: 0000, samples: 8/1
display  D   display_settings.c:527  _al_score_display_settings       [   0.25099] Score is : 584
display  D   display_settings.c:212  debug_display_settings           [   0.25107] color: 16 (rgba 5650), depth: 0, stencil: 0, acc: 0000, samples: 0/0
display  D   display_settings.c:527  _al_score_display_settings       [   0.25116] Score is : 769
display  D   display_settings.c:212  debug_display_settings           [   0.25125] color: 16 (rgba 5650), depth: 0, stencil: 0, acc: 0000, samples: 0/0
display  D   display_settings.c:527  _al_score_display_settings       [   0.25133] Score is : 769
display  D   display_settings.c:212  debug_display_settings           [   0.25140] color: 16 (rgba 5650), depth: 0, stencil: 0, acc: 0000, samples: 2/1
display  D   display_settings.c:527  _al_score_display_settings       [   0.25148] Score is : 598
display  D   display_settings.c:212  debug_display_settings           [   0.25156] color: 16 (rgba 5650), depth: 0, stencil: 0, acc: 0000, samples: 3/1
display  D   display_settings.c:527  _al_score_display_settings       [   0.25164] Score is : 593
display  D   display_settings.c:212  debug_display_settings           [   0.25172] color: 16 (rgba 5650), depth: 0, stencil: 0, acc: 0000, samples: 4/1
display  D   display_settings.c:527  _al_score_display_settings       [   0.25180] Score is : 589
display  D   display_settings.c:212  debug_display_settings           [   0.25188] color: 16 (rgba 5650), depth: 0, stencil: 0, acc: 0000, samples: 5/1
display  D   display_settings.c:527  _al_score_display_settings       [   0.25196] Score is : 587
display  D   display_settings.c:212  debug_display_settings           [   0.25203] color: 16 (rgba 5650), depth: 0, stencil: 0, acc: 0000, samples: 6/1
display  D   display_settings.c:527  _al_score_display_settings       [   0.25211] Score is : 586
display  D   display_settings.c:212  debug_display_settings           [   0.25219] color: 16 (rgba 5650), depth: 0, stencil: 0, acc: 0000, samples: 7/1
display  D   display_settings.c:527  _al_score_display_settings       [   0.25227] Score is : 585
display  D   display_settings.c:212  debug_display_settings           [   0.25234] color: 16 (rgba 5650), depth: 0, stencil: 0, acc: 0000, samples: 8/1
display  D   display_settings.c:527  _al_score_display_settings       [   0.25242] Score is : 584
display  D   display_settings.c:212  debug_display_settings           [   0.25249] color: 16 (rgba 5650), depth: 24, stencil: 8, acc: 0000, samples: 0/0
display  D   display_settings.c:527  _al_score_display_settings       [   0.25257] Score is : 769
display  D   display_settings.c:212  debug_display_settings           [   0.25264] color: 16 (rgba 5650), depth: 24, stencil: 8, acc: 0000, samples: 0/0
display  D   display_settings.c:527  _al_score_display_settings       [   0.25273] Score is : 769
display  D   display_settings.c:212  debug_display_settings           [   0.25282] color: 16 (rgba 5650), depth: 24, stencil: 8, acc: 0000, samples: 2/1
display  D   display_settings.c:527  _al_score_display_settings       [   0.25291] Score is : 598
display  D   display_settings.c:212  debug_display_settings           [   0.25298] color: 16 (rgba 5650), depth: 24, stencil: 8, acc: 0000, samples: 3/1
display  D   display_settings.c:527  _al_score_display_settings       [   0.25306] Score is : 593
display  D   display_settings.c:212  debug_display_settings           [   0.25314] color: 16 (rgba 5650), depth: 24, stencil: 8, acc: 0000, samples: 4/1
display  D   display_settings.c:527  _al_score_display_settings       [   0.25322] Score is : 589
display  D   display_settings.c:212  debug_display_settings           [   0.25329] color: 16 (rgba 5650), depth: 24, stencil: 8, acc: 0000, samples: 5/1
display  D   display_settings.c:527  _al_score_display_settings       [   0.25337] Score is : 587
display  D   display_settings.c:212  debug_display_settings           [   0.25345] color: 16 (rgba 5650), depth: 24, stencil: 8, acc: 0000, samples: 6/1
display  D   display_settings.c:527  _al_score_display_settings       [   0.25353] Score is : 586
display  D   display_settings.c:212  debug_display_settings           [   0.25360] color: 16 (rgba 5650), depth: 24, stencil: 8, acc: 0000, samples: 7/1
display  D   display_settings.c:527  _al_score_display_settings       [   0.25369] Score is : 585
display  D   display_settings.c:212  debug_display_settings           [   0.25377] color: 16 (rgba 5650), depth: 24, stencil: 8, acc: 0000, samples: 8/1
display  D   display_settings.c:527  _al_score_display_settings       [   0.25389] Score is : 584
display  D   display_settings.c:212  debug_display_settings           [   0.25396] color: 16 (rgba 5650), depth: 24, stencil: 0, acc: 0000, samples: 0/0
display  D   display_settings.c:527  _al_score_display_settings       [   0.25404] Score is : 769
display  D   display_settings.c:212  debug_display_settings           [   0.25418] color: 16 (rgba 5650), depth: 24, stencil: 0, acc: 0000, samples: 0/0
display  D   display_settings.c:527  _al_score_display_settings       [   0.25426] Score is : 769
display  D   display_settings.c:212  debug_display_settings           [   0.25433] color: 16 (rgba 5650), depth: 24, stencil: 0, acc: 0000, samples: 2/1
display  D   display_settings.c:527  _al_score_display_settings       [   0.25442] Score is : 598
display  D   display_settings.c:212  debug_display_settings           [   0.25449] color: 16 (rgba 5650), depth: 24, stencil: 0, acc: 0000, samples: 3/1
display  D   display_settings.c:527  _al_score_display_settings       [   0.25457] Score is : 593
display  D   display_settings.c:212  debug_display_settings           [   0.25465] color: 16 (rgba 5650), depth: 24, stencil: 0, acc: 0000, samples: 4/1
display  D   display_settings.c:527  _al_score_display_settings       [   0.25473] Score is : 589
display  D   display_settings.c:212  debug_display_settings           [   0.25480] color: 16 (rgba 5650), depth: 24, stencil: 0, acc: 0000, samples: 5/1
display  D   display_settings.c:527  _al_score_display_settings       [   0.25489] Score is : 587
display  D   display_settings.c:212  debug_display_settings           [   0.25496] color: 16 (rgba 5650), depth: 24, stencil: 0, acc: 0000, samples: 6/1
display  D   display_settings.c:527  _al_score_display_settings       [   0.25504] Score is : 586
display  D   display_settings.c:212  debug_display_settings           [   0.25511] color: 16 (rgba 5650), depth: 24, stencil: 0, acc: 0000, samples: 7/1
display  D   display_settings.c:527  _al_score_display_settings       [   0.25519] Score is : 585
display  D   display_settings.c:212  debug_display_settings           [   0.25526] color: 16 (rgba 5650), depth: 24, stencil: 0, acc: 0000, samples: 8/1
display  D   display_settings.c:527  _al_score_display_settings       [   0.25534] Score is : 584
display  D   display_settings.c:212  debug_display_settings           [   0.25540] color: 16 (rgba 5650), depth: 16, stencil: 0, acc: 0000, samples: 0/0
display  D   display_settings.c:527  _al_score_display_settings       [   0.25548] Score is : 769
display  D   display_settings.c:212  debug_display_settings           [   0.25555] color: 16 (rgba 5650), depth: 16, stencil: 0, acc: 0000, samples: 0/0
display  D   display_settings.c:527  _al_score_display_settings       [   0.25563] Score is : 769
display  D   display_settings.c:212  debug_display_settings           [   0.25571] color: 16 (rgba 5650), depth: 16, stencil: 0, acc: 0000, samples: 2/1
display  D   display_settings.c:527  _al_score_display_settings       [   0.25579] Score is : 598
display  D   display_settings.c:212  debug_display_settings           [   0.25596] color: 16 (rgba 5650), depth: 16, stencil: 0, acc: 0000, samples: 3/1
display  D   display_settings.c:527  _al_score_display_settings       [   0.25605] Score is : 593
display  D   display_settings.c:212  debug_display_settings           [   0.25612] color: 16 (rgba 5650), depth: 16, stencil: 0, acc: 0000, samples: 4/1
display  D   display_settings.c:527  _al_score_display_settings       [   0.25621] Score is : 589
display  D   display_settings.c:212  debug_display_settings           [   0.25628] color: 16 (rgba 5650), depth: 16, stencil: 0, acc: 0000, samples: 5/1
display  D   display_settings.c:527  _al_score_display_settings       [   0.25637] Score is : 587
display  D   display_settings.c:212  debug_display_settings           [   0.25644] color: 16 (rgba 5650), depth: 16, stencil: 0, acc: 0000, samples: 6/1
display  D   display_settings.c:527  _al_score_display_settings       [   0.25653] Score is : 586
display  D   display_settings.c:212  debug_display_settings           [   0.25660] color: 16 (rgba 5650), depth: 16, stencil: 0, acc: 0000, samples: 7/1
display  D   display_settings.c:527  _al_score_display_settings       [   0.25668] Score is : 585
display  D   display_settings.c:212  debug_display_settings           [   0.25676] color: 16 (rgba 5650), depth: 16, stencil: 0, acc: 0000, samples: 8/1
display  D   display_settings.c:527  _al_score_display_settings       [   0.25685] Score is : 584
display  D   display_settings.c:212  debug_display_settings           [   0.25692] color: 32 (rgba 8880), depth: 0, stencil: 0, acc: 0000, samples: 0/0
display  D   display_settings.c:398  _al_score_display_settings       [   0.25700] Single Buffer requirement not met.
display  D   display_settings.c:212  debug_display_settings           [   0.25708] color: 32 (rgba 8880), depth: 0, stencil: 0, acc: 0000, samples: 0/0
display  D   display_settings.c:398  _al_score_display_settings       [   0.25717] Single Buffer requirement not met.
display  D   display_settings.c:212  debug_display_settings           [   0.25724] color: 32 (rgba 8880), depth: 0, stencil: 0, acc: 0000, samples: 2/1
display  D   display_settings.c:398  _al_score_display_settings       [   0.25732] Single Buffer requirement not met.
display  D   display_settings.c:212  debug_display_settings           [   0.25740] color: 32 (rgba 8880), depth: 0, stencil: 0, acc: 0000, samples: 3/1
display  D   display_settings.c:398  _al_score_display_settings       [   0.25749] Single Buffer requirement not met.
display  D   display_settings.c:212  debug_display_settings           [   0.25756] color: 32 (rgba 8880), depth: 0, stencil: 0, acc: 0000, samples: 4/1
display  D   display_settings.c:398  _al_score_display_settings       [   0.25765] Single Buffer requirement not met.
display  D   display_settings.c:212  debug_display_settings           [   0.25773] color: 32 (rgba 8880), depth: 0, stencil: 0, acc: 0000, samples: 5/1
display  D   display_settings.c:398  _al_score_display_settings       [   0.25923] Single Buffer requirement not met.
display  D   display_settings.c:212  debug_display_settings           [   0.25938] color: 32 (rgba 8880), depth: 0, stencil: 0, acc: 0000, samples: 6/1
display  D   display_settings.c:398  _al_score_display_settings       [   0.25948] Single Buffer requirement not met.
display  D   display_settings.c:212  debug_display_settings           [   0.25956] color: 32 (rgba 8880), depth: 0, stencil: 0, acc: 0000, samples: 7/1
display  D   display_settings.c:398  _al_score_display_settings       [   0.25965] Single Buffer requirement not met.
display  D   display_settings.c:212  debug_display_settings           [   0.25973] color: 32 (rgba 8880), depth: 0, stencil: 0, acc: 0000, samples: 8/1
display  D   display_settings.c:398  _al_score_display_settings       [   0.25982] Single Buffer requirement not met.
display  D   display_settings.c:212  debug_display_settings           [   0.25989] color: 32 (rgba 8880), depth: 24, stencil: 8, acc: 0000, samples: 0/0
display  D   display_settings.c:398  _al_score_display_settings       [   0.25998] Single Buffer requirement not met.
display  D   display_settings.c:212  debug_display_settings           [   0.26005] color: 32 (rgba 8880), depth: 24, stencil: 8, acc: 0000, samples: 0/0
display  D   display_settings.c:398  _al_score_display_settings       [   0.26013] Single Buffer requirement not met.
display  D   display_settings.c:212  debug_display_settings           [   0.26020] color: 32 (rgba 8880), depth: 24, stencil: 8, acc: 0000, samples: 2/1
display  D   display_settings.c:398  _al_score_display_settings       [   0.26027] Single Buffer requirement not met.
display  D   display_settings.c:212  debug_display_settings           [   0.26035] color: 32 (rgba 8880), depth: 24, stencil: 8, acc: 0000, samples: 3/1
display  D   display_settings.c:398  _al_score_display_settings       [   0.26044] Single Buffer requirement not met.
display  D   display_settings.c:212  debug_display_settings           [   0.26051] color: 32 (rgba 8880), depth: 24, stencil: 8, acc: 0000, samples: 4/1
display  D   display_settings.c:398  _al_score_display_settings       [   0.26059] Single Buffer requirement not met.
display  D   display_settings.c:212  debug_display_settings           [   0.26071] color: 32 (rgba 8880), depth: 24, stencil: 8, acc: 0000, samples: 5/1
display  D   display_settings.c:398  _al_score_display_settings       [   0.26088] Single Buffer requirement not met.
display  D   display_settings.c:212  debug_display_settings           [   0.26102] color: 32 (rgba 8880), depth: 24, stencil: 8, acc: 0000, samples: 6/1
display  D   display_settings.c:398  _al_score_display_settings       [   0.26110] Single Buffer requirement not met.
display  D   display_settings.c:212  debug_display_settings           [   0.26118] color: 32 (rgba 8880), depth: 24, stencil: 8, acc: 0000, samples: 7/1
display  D   display_settings.c:398  _al_score_display_settings       [   0.26126] Single Buffer requirement not met.
display  D   display_settings.c:212  debug_display_settings           [   0.26134] color: 32 (rgba 8880), depth: 24, stencil: 8, acc: 0000, samples: 8/1
display  D   display_settings.c:398  _al_score_display_settings       [   0.26142] Single Buffer requirement not met.
display  D   display_settings.c:212  debug_display_settings           [   0.26150] color: 32 (rgba 8880), depth: 24, stencil: 0, acc: 0000, samples: 0/0
display  D   display_settings.c:398  _al_score_display_settings       [   0.26158] Single Buffer requirement not met.
display  D   display_settings.c:212  debug_display_settings           [   0.26165] color: 32 (rgba 8880), depth: 24, stencil: 0, acc: 0000, samples: 0/0
display  D   display_settings.c:398  _al_score_display_settings       [   0.26174] Single Buffer requirement not met.
display  D   display_settings.c:212  debug_display_settings           [   0.26181] color: 32 (rgba 8880), depth: 24, stencil: 0, acc: 0000, samples: 2/1
display  D   display_settings.c:398  _al_score_display_settings       [   0.26202] Single Buffer requirement not met.
display  D   display_settings.c:212  debug_display_settings           [   0.26209] color: 32 (rgba 8880), depth: 24, stencil: 0, acc: 0000, samples: 3/1
display  D   display_settings.c:398  _al_score_display_settings       [   0.26228] Single Buffer requirement not met.
display  D   display_settings.c:212  debug_display_settings           [   0.26236] color: 32 (rgba 8880), depth: 24, stencil: 0, acc: 0000, samples: 4/1
display  D   display_settings.c:398  _al_score_display_settings       [   0.26263] Single Buffer requirement not met.
display  D   display_settings.c:212  debug_display_settings           [   0.26271] color: 32 (rgba 8880), depth: 24, stencil: 0, acc: 0000, samples: 5/1
display  D   display_settings.c:398  _al_score_display_settings       [   0.26293] Single Buffer requirement not met.
display  D   display_settings.c:212  debug_display_settings           [   0.26308] color: 32 (rgba 8880), depth: 24, stencil: 0, acc: 0000, samples: 6/1
display  D   display_settings.c:398  _al_score_display_settings       [   0.26317] Single Buffer requirement not met.
display  D   display_settings.c:212  debug_display_settings           [   0.26325] color: 32 (rgba 8880), depth: 24, stencil: 0, acc: 0000, samples: 7/1
display  D   display_settings.c:398  _al_score_display_settings       [   0.26333] Single Buffer requirement not met.
display  D   display_settings.c:212  debug_display_settings           [   0.26350] color: 32 (rgba 8880), depth: 24, stencil: 0, acc: 0000, samples: 8/1
display  D   display_settings.c:398  _al_score_display_settings       [   0.26360] Single Buffer requirement not met.
display  D   display_settings.c:212  debug_display_settings           [   0.26374] color: 32 (rgba 8880), depth: 16, stencil: 0, acc: 0000, samples: 0/0
display  D   display_settings.c:398  _al_score_display_settings       [   0.26384] Single Buffer requirement not met.
display  D   display_settings.c:212  debug_display_settings           [   0.26393] color: 32 (rgba 8880), depth: 16, stencil: 0, acc: 0000, samples: 0/0
display  D   display_settings.c:398  _al_score_display_settings       [   0.26408] Single Buffer requirement not met.
display  D   display_settings.c:212  debug_display_settings           [   0.26416] color: 32 (rgba 8880), depth: 16, stencil: 0, acc: 0000, samples: 2/1
display  D   display_settings.c:398  _al_score_display_settings       [   0.26424] Single Buffer requirement not met.
display  D   display_settings.c:212  debug_display_settings           [   0.26432] color: 32 (rgba 8880), depth: 16, stencil: 0, acc: 0000, samples: 3/1
display  D   display_settings.c:398  _al_score_display_settings       [   0.26448] Single Buffer requirement not met.
display  D   display_settings.c:212  debug_display_settings           [   0.26456] color: 32 (rgba 8880), depth: 16, stencil: 0, acc: 0000, samples: 4/1
display  D   display_settings.c:398  _al_score_display_settings       [   0.26464] Single Buffer requirement not met.
display  D   display_settings.c:212  debug_display_settings           [   0.26471] color: 32 (rgba 8880), depth: 16, stencil: 0, acc: 0000, samples: 5/1
display  D   display_settings.c:398  _al_score_display_settings       [   0.26479] Single Buffer requirement not met.
display  D   display_settings.c:212  debug_display_settings           [   0.26486] color: 32 (rgba 8880), depth: 16, stencil: 0, acc: 0000, samples: 6/1
display  D   display_settings.c:398  _al_score_display_settings       [   0.26494] Single Buffer requirement not met.
display  D   display_settings.c:212  debug_display_settings           [   0.26501] color: 32 (rgba 8880), depth: 16, stencil: 0, acc: 0000, samples: 7/1
display  D   display_settings.c:398  _al_score_display_settings       [   0.26509] Single Buffer requirement not met.
display  D   display_settings.c:212  debug_display_settings           [   0.26523] color: 32 (rgba 8880), depth: 16, stencil: 0, acc: 0000, samples: 8/1
display  D   display_settings.c:398  _al_score_display_settings       [   0.26540] Single Buffer requirement not met.
display  D   display_settings.c:212  debug_display_settings           [   0.26548] color: 16 (rgba 5650), depth: 0, stencil: 0, acc: 0000, samples: 0/0
display  D   display_settings.c:398  _al_score_display_settings       [   0.26556] Single Buffer requirement not met.
display  D   display_settings.c:212  debug_display_settings           [   0.26571] color: 16 (rgba 5650), depth: 0, stencil: 0, acc: 0000, samples: 0/0
display  D   display_settings.c:398  _al_score_display_settings       [   0.26580] Single Buffer requirement not met.
display  D   display_settings.c:212  debug_display_settings           [   0.26593] color: 16 (rgba 5650), depth: 0, stencil: 0, acc: 0000, samples: 2/1
display  D   display_settings.c:398  _al_score_display_settings       [   0.26610] Single Buffer requirement not met.
display  D   display_settings.c:212  debug_display_settings           [   0.26618] color: 16 (rgba 5650), depth: 0, stencil: 0, acc: 0000, samples: 3/1
display  D   display_settings.c:398  _al_score_display_settings       [   0.26626] Single Buffer requirement not met.
display  D   display_settings.c:212  debug_display_settings           [   0.26634] color: 16 (rgba 5650), depth: 0, stencil: 0, acc: 0000, samples: 4/1
display  D   display_settings.c:398  _al_score_display_settings       [   0.26642] Single Buffer requirement not met.
display  D   display_settings.c:212  debug_display_settings           [   0.26649] color: 16 (rgba 5650), depth: 0, stencil: 0, acc: 0000, samples: 5/1
display  D   display_settings.c:398  _al_score_display_settings       [   0.26657] Single Buffer requirement not met.
display  D   display_settings.c:212  debug_display_settings           [   0.26665] color: 16 (rgba 5650), depth: 0, stencil: 0, acc: 0000, samples: 6/1
display  D   display_settings.c:398  _al_score_display_settings       [   0.26673] Single Buffer requirement not met.
display  D   display_settings.c:212  debug_display_settings           [   0.26681] color: 16 (rgba 5650), depth: 0, stencil: 0, acc: 0000, samples: 7/1
display  D   display_settings.c:398  _al_score_display_settings       [   0.26689] Single Buffer requirement not met.
display  D   display_settings.c:212  debug_display_settings           [   0.26697] color: 16 (rgba 5650), depth: 0, stencil: 0, acc: 0000, samples: 8/1
display  D   display_settings.c:398  _al_score_display_settings       [   0.26705] Single Buffer requirement not met.
display  D   display_settings.c:212  debug_display_settings           [   0.26712] color: 16 (rgba 5650), depth: 24, stencil: 8, acc: 0000, samples: 0/0
display  D   display_settings.c:398  _al_score_display_settings       [   0.26721] Single Buffer requirement not met.
display  D   display_settings.c:212  debug_display_settings           [   0.26728] color: 16 (rgba 5650), depth: 24, stencil: 8, acc: 0000, samples: 0/0
display  D   display_settings.c:398  _al_score_display_settings       [   0.26737] Single Buffer requirement not met.
display  D   display_settings.c:212  debug_display_settings           [   0.26744] color: 16 (rgba 5650), depth: 24, stencil: 8, acc: 0000, samples: 2/1
display  D   display_settings.c:398  _al_score_display_settings       [   0.26752] Single Buffer requirement not met.
display  D   display_settings.c:212  debug_display_settings           [   0.26760] color: 16 (rgba 5650), depth: 24, stencil: 8, acc: 0000, samples: 3/1
display  D   display_settings.c:398  _al_score_display_settings       [   0.26768] Single Buffer requirement not met.
display  D   display_settings.c:212  debug_display_settings           [   0.26775] color: 16 (rgba 5650), depth: 24, stencil: 8, acc: 0000, samples: 4/1
display  D   display_settings.c:398  _al_score_display_settings       [   0.26783] Single Buffer requirement not met.
display  D   display_settings.c:212  debug_display_settings           [   0.26790] color: 16 (rgba 5650), depth: 24, stencil: 8, acc: 0000, samples: 5/1
display  D   display_settings.c:398  _al_score_display_settings       [   0.26798] Single Buffer requirement not met.
display  D   display_settings.c:212  debug_display_settings           [   0.26805] color: 16 (rgba 5650), depth: 24, stencil: 8, acc: 0000, samples: 6/1
display  D   display_settings.c:398  _al_score_display_settings       [   0.26813] Single Buffer requirement not met.
display  D   display_settings.c:212  debug_display_settings           [   0.26820] color: 16 (rgba 5650), depth: 24, stencil: 8, acc: 0000, samples: 7/1
display  D   display_settings.c:398  _al_score_display_settings       [   0.26828] Single Buffer requirement not met.
display  D   display_settings.c:212  debug_display_settings           [   0.26835] color: 16 (rgba 5650), depth: 24, stencil: 8, acc: 0000, samples: 8/1
display  D   display_settings.c:398  _al_score_display_settings       [   0.26843] Single Buffer requirement not met.
display  D   display_settings.c:212  debug_display_settings           [   0.26852] color: 16 (rgba 5650), depth: 24, stencil: 0, acc: 0000, samples: 0/0
display  D   display_settings.c:398  _al_score_display_settings       [   0.26860] Single Buffer requirement not met.
display  D   display_settings.c:212  debug_display_settings           [   0.26868] color: 16 (rgba 5650), depth: 24, stencil: 0, acc: 0000, samples: 0/0
display  D   display_settings.c:398  _al_score_display_settings       [   0.26876] Single Buffer requirement not met.
display  D   display_settings.c:212  debug_display_settings           [   0.26884] color: 16 (rgba 5650), depth: 24, stencil: 0, acc: 0000, samples: 2/1
display  D   display_settings.c:398  _al_score_display_settings       [   0.26892] Single Buffer requirement not met.
display  D   display_settings.c:212  debug_display_settings           [   0.26900] color: 16 (rgba 5650), depth: 24, stencil: 0, acc: 0000, samples: 3/1
display  D   display_settings.c:398  _al_score_display_settings       [   0.26909] Single Buffer requirement not met.
display  D   display_settings.c:212  debug_display_settings           [   0.26925] color: 16 (rgba 5650), depth: 24, stencil: 0, acc: 0000, samples: 4/1
display  D   display_settings.c:398  _al_score_display_settings       [   0.26933] Single Buffer requirement not met.
display  D   display_settings.c:212  debug_display_settings           [   0.26941] color: 16 (rgba 5650), depth: 24, stencil: 0, acc: 0000, samples: 5/1
display  D   display_settings.c:398  _al_score_display_settings       [   0.26950] Single Buffer requirement not met.
display  D   display_settings.c:212  debug_display_settings           [   0.26957] color: 16 (rgba 5650), depth: 24, stencil: 0, acc: 0000, samples: 6/1
display  D   display_settings.c:398  _al_score_display_settings       [   0.26974] Single Buffer requirement not met.
display  D   display_settings.c:212  debug_display_settings           [   0.26980] color: 16 (rgba 5650), depth: 24, stencil: 0, acc: 0000, samples: 7/1
display  D   display_settings.c:398  _al_score_display_settings       [   0.26988] Single Buffer requirement not met.
display  D   display_settings.c:212  debug_display_settings           [   0.26994] color: 16 (rgba 5650), depth: 24, stencil: 0, acc: 0000, samples: 8/1
display  D   display_settings.c:398  _al_score_display_settings       [   0.27001] Single Buffer requirement not met.
display  D   display_settings.c:212  debug_display_settings           [   0.27008] color: 16 (rgba 5650), depth: 16, stencil: 0, acc: 0000, samples: 0/0
display  D   display_settings.c:398  _al_score_display_settings       [   0.27015] Single Buffer requirement not met.
display  D   display_settings.c:212  debug_display_settings           [   0.27022] color: 16 (rgba 5650), depth: 16, stencil: 0, acc: 0000, samples: 0/0
display  D   display_settings.c:398  _al_score_display_settings       [   0.27029] Single Buffer requirement not met.
display  D   display_settings.c:212  debug_display_settings           [   0.27035] color: 16 (rgba 5650), depth: 16, stencil: 0, acc: 0000, samples: 2/1
display  D   display_settings.c:398  _al_score_display_settings       [   0.27042] Single Buffer requirement not met.
display  D   display_settings.c:212  debug_display_settings           [   0.27049] color: 16 (rgba 5650), depth: 16, stencil: 0, acc: 0000, samples: 3/1
display  D   display_settings.c:398  _al_score_display_settings       [   0.27056] Single Buffer requirement not met.
display  D   display_settings.c:212  debug_display_settings           [   0.27062] color: 16 (rgba 5650), depth: 16, stencil: 0, acc: 0000, samples: 4/1
display  D   display_settings.c:398  _al_score_display_settings       [   0.27070] Single Buffer requirement not met.
display  D   display_settings.c:212  debug_display_settings           [   0.27076] color: 16 (rgba 5650), depth: 16, stencil: 0, acc: 0000, samples: 5/1
display  D   display_settings.c:398  _al_score_display_settings       [   0.27083] Single Buffer requirement not met.
display  D   display_settings.c:212  debug_display_settings           [   0.27090] color: 16 (rgba 5650), depth: 16, stencil: 0, acc: 0000, samples: 6/1
display  D   display_settings.c:398  _al_score_display_settings       [   0.27097] Single Buffer requirement not met.
display  D   display_settings.c:212  debug_display_settings           [   0.27103] color: 16 (rgba 5650), depth: 16, stencil: 0, acc: 0000, samples: 7/1
display  D   display_settings.c:398  _al_score_display_settings       [   0.27111] Single Buffer requirement not met.
display  D   display_settings.c:212  debug_display_settings           [   0.27117] color: 16 (rgba 5650), depth: 16, stencil: 0, acc: 0000, samples: 8/1
display  D   display_settings.c:398  _al_score_display_settings       [   0.27124] Single Buffer requirement not met.
d3d      D         d3d_disp.cpp:1682 d3d_create_display_internals     [   0.27140] Trying format 0.
d3d      I         d3d_disp.cpp:1358 d3d_display_thread_proc          [   0.27481] Chose a display format: 23
d3d      D         d3d_disp.cpp:1402 d3d_display_thread_proc          [   0.27705] going to call _al_win_create_faux_fullscreen_window
d3d      D         d3d_disp.cpp:1420 d3d_display_thread_proc          [   0.33575] Called _al_win_create_faux_fullscreen_window.
d3d      I         d3d_disp.cpp:791  d3d_create_device                [   0.33602] Using no depth stencil buffer
d3d      D         d3d_disp.cpp:853  d3d_create_device                [   0.99081] BeginScene succeeded in create_device
d3d      D         d3d_disp.cpp:861  d3d_create_device                [   0.99102] Success
d3d      D         d3d_disp.cpp:1705 d3d_create_display_internals     [   0.99113] Resumed after wait.
d3d      I         d3d_disp.cpp:1738 d3d_create_display_internals     [   0.99131] Format 0 succeeded.
d3d      D         d3d_disp.cpp:1769 d3d_create_display_internals     [   0.99631] Returning d3d_display: 004F8760
d3d      D         d3d_disp.cpp:1794 d3d_create_display_locked        [   0.99652] al_display=004F8760
d3d      D         d3d_disp.cpp:1795 d3d_create_display_locked        [   0.99663] al_display->vt=004D71B8
system   D            wsystem.c:819  maybe_parent_dir                 [   0.99735] Also searching C:\Users\Usuario\Source\Repos\Vanessa-webusr\JogoEmpilha\
system   D            wsystem.c:874  _al_win_safe_load_library        [   0.99785] PathFindOnPath found: C:\Windows\system32\d3dx9_43.dll
system   D            wsystem.c:780  load_library_at_path             [   0.99797] Calling LoadLibrary C:\Windows\system32\d3dx9_43.dll
system   I            wsystem.c:783  load_library_at_path             [   1.10519] Loaded C:\Windows\system32\d3dx9_43.dll
d3dx9    I        d3d_d3dx9.cpp:88   _imp_load_d3dx9_module_version   [   1.10544] Module "d3dx9_43.dll" loaded.
audio-dsound I           dsound.cpp:271  _dsound_open                     [   1.11031] Starting DirectSound...
audio-dsound D           dsound.cpp:280  _dsound_open                     [   1.41738] DirectSoundCreate8 succeeded
audio-dsound I           dsound.cpp:73   get_window                       [   1.41757] Using desktop window: 00010010
audio    I              audio.c:347  do_install_audio                 [   1.41825] Using DirectSound driver
audio-dsound D           dsound.cpp:311  _dsound_allocate_voice           [   1.41848] Allocating voice
audio-dsound D           dsound.cpp:370  _dsound_allocate_voice           [   1.41858] Allocated voice
dtor     D               dtor.c:196  _al_register_destructor          [   1.41986] added dtor for voice 02CAE678, func 003314E2
dtor     D               dtor.c:196  _al_register_destructor          [   1.42023] added dtor for mixer 02CA5960, func 00331514
audio-dsound D           dsound.cpp:466  _dsound_start_voice              [   1.42035] Starting voice
audio-dsound D           dsound.cpp:494  _dsound_start_voice              [   1.42044] CreateSoundBuffer
audio-dsound D           dsound.cpp:502  _dsound_start_voice              [   1.44372] CreateSoundBuffer succeeded
audio-dsound D           dsound.cpp:508  _dsound_start_voice              [   1.45072] Starting _dsound_update thread
audio-dsound I           dsound.cpp:518  _dsound_start_voice              [   1.45108] Voice started
dtor     D               dtor.c:196  _al_register_destructor          [   1.45118] added dtor for sample_instance 05391678, func 003311F9
audio    D          kcm_mixer.c:121  _al_rechannel_matrix             [   1.45130] sample matrix:
audio    D          kcm_mixer.c:127  _al_rechannel_matrix             [   1.45137] 
audio    D          kcm_mixer.c:127  _al_rechannel_matrix             [   1.45145] 
dtor     D               dtor.c:196  _al_register_destructor          [   1.45153] added dtor for sample_instance 05391788, func 003311F9
audio    D          kcm_mixer.c:121  _al_rechannel_matrix             [   1.45161] sample matrix:
audio    D          kcm_mixer.c:127  _al_rechannel_matrix             [   1.45170] 
audio    D          kcm_mixer.c:127  _al_rechannel_matrix             [   1.45177] 
dtor     D               dtor.c:196  _al_register_destructor          [   1.45185] added dtor for sample_instance 0539F090, func 003311F9
audio    D          kcm_mixer.c:121  _al_rechannel_matrix             [   1.45193] sample matrix:
audio    D          kcm_mixer.c:127  _al_rechannel_matrix             [   1.45201] 
audio    D          kcm_mixer.c:127  _al_rechannel_matrix             [   1.45208] 
dtor     D               dtor.c:196  _al_register_destructor          [   1.45215] added dtor for sample_instance 0539F1A0, func 003311F9
audio    D          kcm_mixer.c:121  _al_rechannel_matrix             [   1.45223] sample matrix:
audio    D          kcm_mixer.c:127  _al_rechannel_matrix             [   1.45231] 
audio    D          kcm_mixer.c:127  _al_rechannel_matrix             [   1.45238] 
dtor     D               dtor.c:196  _al_register_destructor          [   1.45281] added dtor for sample_instance 0539F2B0, func 003311F9
audio    D          kcm_mixer.c:121  _al_rechannel_matrix             [   1.45312] sample matrix:
audio    D          kcm_mixer.c:127  _al_rechannel_matrix             [   1.45369] 
audio    D          kcm_mixer.c:127  _al_rechannel_matrix             [   1.46792] 
dtor     D               dtor.c:196  _al_register_destructor          [   1.46809] added dtor for sample_instance 053B4560, func 003311F9
audio    D          kcm_mixer.c:121  _al_rechannel_matrix             [   1.46847] sample matrix:
audio    D          kcm_mixer.c:127  _al_rechannel_matrix             [   1.46858] 
audio    D          kcm_mixer.c:127  _al_rechannel_matrix             [   1.46867] 
dtor     D               dtor.c:196  _al_register_destructor          [   1.46875] added dtor for sample_instance 053C1950, func 003311F9
audio    D          kcm_mixer.c:121  _al_rechannel_matrix             [   1.46886] sample matrix:
audio    D          kcm_mixer.c:127  _al_rechannel_matrix             [   1.46894] 
audio    D          kcm_mixer.c:127  _al_rechannel_matrix             [   1.46902] 
dtor     D               dtor.c:196  _al_register_destructor          [   1.46909] added dtor for sample_instance 053C1A60, func 003311F9
audio    D          kcm_mixer.c:121  _al_rechannel_matrix             [   1.46918] sample matrix:
audio    D          kcm_mixer.c:127  _al_rechannel_matrix             [   1.46926] 
audio    D          kcm_mixer.c:127  _al_rechannel_matrix             [   1.46933] 
dtor     D               dtor.c:196  _al_register_destructor          [   1.46941] added dtor for sample_instance 053C2460, func 003311F9
audio    D          kcm_mixer.c:121  _al_rechannel_matrix             [   1.46949] sample matrix:
audio    D          kcm_mixer.c:127  _al_rechannel_matrix             [   1.46957] 
audio    D          kcm_mixer.c:127  _al_rechannel_matrix             [   1.46963] 
dtor     D               dtor.c:196  _al_register_destructor          [   1.46971] added dtor for sample_instance 053C2D70, func 003311F9
audio    D          kcm_mixer.c:121  _al_rechannel_matrix             [   1.46979] sample matrix:
audio    D          kcm_mixer.c:127  _al_rechannel_matrix             [   1.46986] 
audio    D          kcm_mixer.c:127  _al_rechannel_matrix             [   1.47003] 
stdio    D         file_stdio.c:110  file_stdio_fopen                 [   1.47404] opening SuperMario256.ttf rb
font     E                ttf.c:995  al_load_ttf_font_stretch         [   1.47436] Unable to open file for reading: SuperMario256.ttf
acodec   I                ogg.c:204  _al_load_ogg_vorbis              [   1.47452] Loading sample trilha_menu.ogg.
stdio    D         file_stdio.c:110  file_stdio_fopen                 [   1.47461] opening trilha_menu.ogg rb
acodec   E                ogg.c:207  _al_load_ogg_vorbis              [   1.47476] Unable to open trilha_menu.ogg for reading.
dtor     D               dtor.c:196  _al_register_destructor          [   1.47486] added dtor for sample_instance 053C3198, func 003311F9
audio    D          kcm_mixer.c:121  _al_rechannel_matrix             [   1.47498] sample matrix:
audio    D          kcm_mixer.c:127  _al_rechannel_matrix             [   1.47506] 
audio    D          kcm_mixer.c:127  _al_rechannel_matrix             [   1.47513] 
acodec   I                ogg.c:204  _al_load_ogg_vorbis              [   1.47522] Loading sample trilha_sonora.ogg.
stdio    D         file_stdio.c:110  file_stdio_fopen                 [   1.47529] opening trilha_sonora.ogg rb
acodec   E                ogg.c:207  _al_load_ogg_vorbis              [   1.47543] Unable to open trilha_sonora.ogg for reading.
dtor     D               dtor.c:196  _al_register_destructor          [   1.47552] added dtor for sample_instance 053C32A8, func 003311F9
audio    D          kcm_mixer.c:121  _al_rechannel_matrix             [   1.47560] sample matrix:
audio    D          kcm_mixer.c:127  _al_rechannel_matrix             [   1.47568] 
audio    D          kcm_mixer.c:127  _al_rechannel_matrix             [   1.47575] 
acodec   I                ogg.c:204  _al_load_ogg_vorbis              [   1.47583] Loading sample trilha_gameover.ogg.
stdio    D         file_stdio.c:110  file_stdio_fopen                 [   1.47599] opening trilha_gameover.ogg rb
acodec   E                ogg.c:207  _al_load_ogg_vorbis              [   1.47616] Unable to open trilha_gameover.ogg for reading.
dtor     D               dtor.c:196  _al_register_destructor          [   1.47625] added dtor for sample_instance 053C53F0, func 003311F9
audio    D          kcm_mixer.c:121  _al_rechannel_matrix             [   1.47633] sample matrix:
audio    D          kcm_mixer.c:127  _al_rechannel_matrix             [   1.47641] 
audio    D          kcm_mixer.c:127  _al_rechannel_matrix             [   1.47648] 
acodec   I                ogg.c:204  _al_load_ogg_vorbis              [   1.47656] Loading sample trilha_empilha.ogg.
stdio    D         file_stdio.c:110  file_stdio_fopen                 [   1.47664] opening trilha_empilha.ogg rb
acodec   E                ogg.c:207  _al_load_ogg_vorbis              [   1.47677] Unable to open trilha_empilha.ogg for reading.
dtor     D               dtor.c:196  _al_register_destructor          [   1.47686] added dtor for sample_instance 05362C30, func 003311F9
audio    D          kcm_mixer.c:121  _al_rechannel_matrix             [   1.47694] sample matrix:
audio    D          kcm_mixer.c:127  _al_rechannel_matrix             [   1.47702] 
audio    D          kcm_mixer.c:127  _al_rechannel_matrix             [   1.47709] 
acodec   I                ogg.c:204  _al_load_ogg_vorbis              [   1.47717] Loading sample trilha_vitoria.ogg.
stdio    D         file_stdio.c:110  file_stdio_fopen                 [   1.47725] opening trilha_vitoria.ogg rb
acodec   E                ogg.c:207  _al_load_ogg_vorbis              [   1.47737] Unable to open trilha_vitoria.ogg for reading.
dtor     D               dtor.c:196  _al_register_destructor          [   1.47746] added dtor for sample_instance 05362E60, func 003311F9
audio    D          kcm_mixer.c:121  _al_rechannel_matrix             [   1.47754] sample matrix:
audio    D          kcm_mixer.c:127  _al_rechannel_matrix             [   1.47762] 
audio    D          kcm_mixer.c:127  _al_rechannel_matrix             [   1.47769] 
stdio    D         file_stdio.c:110  file_stdio_fopen                 [   1.47777] opening fundo_neve_caminhao.png rb
stdio    D         file_stdio.c:110  file_stdio_fopen                 [   1.47792] opening fundo_neve_caminhao.png rb
image    E                png.c:415  _al_load_png                     [   1.47805] Unable to open fundo_neve_caminhao.png for reading.
bitmap   E          bitmap_io.c:209  al_load_bitmap_flags             [   1.47814] Failed loading bitmap fundo_neve_caminhao.png with .png handler.
dtor     D               dtor.c:227  _al_unregister_destructor        [  40.71016] removed dtor for sample_instance 05362E60
dtor     D               dtor.c:227  _al_unregister_destructor        [  40.71053] removed dtor for sample_instance 05362C30
dtor     D               dtor.c:227  _al_unregister_destructor        [  40.71068] removed dtor for sample_instance 053C53F0
dtor     D               dtor.c:227  _al_unregister_destructor        [  40.71080] removed dtor for sample_instance 053C32A8
dtor     D               dtor.c:227  _al_unregister_destructor        [  40.71093] removed dtor for sample_instance 053C3198
dtor     D               dtor.c:227  _al_unregister_destructor        [  40.71110] removed dtor for sample_instance 05391678
dtor     D               dtor.c:227  _al_unregister_destructor        [  40.71214] removed dtor for sample_instance 05391788
dtor     D               dtor.c:227  _al_unregister_destructor        [  40.71237] removed dtor for sample_instance 0539F090
dtor     D               dtor.c:227  _al_unregister_destructor        [  40.71253] removed dtor for sample_instance 0539F1A0
dtor     D               dtor.c:227  _al_unregister_destructor        [  40.71264] removed dtor for sample_instance 0539F2B0
dtor     D               dtor.c:227  _al_unregister_destructor        [  40.71275] removed dtor for sample_instance 053B4560
dtor     D               dtor.c:227  _al_unregister_destructor        [  40.71284] removed dtor for sample_instance 053C1950
dtor     D               dtor.c:227  _al_unregister_destructor        [  40.71296] removed dtor for sample_instance 053C1A60
dtor     D               dtor.c:227  _al_unregister_destructor        [  40.71306] removed dtor for sample_instance 053C2460
dtor     D               dtor.c:227  _al_unregister_destructor        [  40.71316] removed dtor for sample_instance 053C2D70
dtor     D               dtor.c:227  _al_unregister_destructor        [  40.71326] removed dtor for mixer 02CA5960
audio-dsound D           dsound.cpp:528  _dsound_stop_voice               [  40.71341] Stopping voice
audio-dsound D           dsound.cpp:545  _dsound_stop_voice               [  40.71350] Joining thread
audio-dsound D           dsound.cpp:551  _dsound_stop_voice               [  40.71497] Joined thread
audio-dsound D           dsound.cpp:553  _dsound_stop_voice               [  40.71513] Destroying thread
audio-dsound D           dsound.cpp:555  _dsound_stop_voice               [  40.71525] Thread destroyed
audio-dsound D           dsound.cpp:562  _dsound_stop_voice               [  40.71535] Releasing buffer
audio-dsound I           dsound.cpp:566  _dsound_stop_voice               [  40.71547] Voice stopped
dtor     D               dtor.c:227  _al_unregister_destructor        [  40.71560] removed dtor for voice 02CAE678
audio-dsound D           dsound.cpp:380  _dsound_deallocate_voice         [  40.71572] Deallocating voice
audio-dsound D           dsound.cpp:385  _dsound_deallocate_voice         [  40.71602] Deallocated voice
audio-dsound D           dsound.cpp:296  _dsound_close                    [  40.71614] Releasing device
audio-dsound D           dsound.cpp:298  _dsound_close                    [  40.73161] Released device
audio-dsound I           dsound.cpp:299  _dsound_close                    [  40.73175] DirectSound closed
d3d      I         d3d_disp.cpp:915  d3d_destroy_display              [  40.73231] destroying display 004F8760 (current 00000000)
d3d      D         d3d_disp.cpp:899  d3d_destroy_display_internals    [  40.73354] waiting for display 004F8760's thread to end
d3d      W         d3d_disp.cpp:608  d3d_destroy_device               [  40.73885] d3d_destroy_device: ref count not 0
d3d      I         d3d_disp.cpp:1562 d3d_display_thread_proc          [  40.75510] d3d display thread exits
